<?xml version="1.0" encoding="UTF-8"?>
<!-- Generated by org.testng.reporters.JUnitReportReporter -->
<testsuite hostname="DESKTOP-LU2K2A6" failures="0" tests="1" name="org.testing.testScripts.TC3_getperticular" time="0.045" errors="0" timestamp="2025-03-09T09:16:04 IST" skipped="0">
  <testcase classname="org.testing.testScripts.TC3_getperticular" name="TC3" time="0.045"/>
  <system-out/>
</testsuite> <!-- org.testing.testScripts.TC3_getperticular -->
