<?xml version="1.0" encoding="UTF-8"?>
<!-- Generated by org.testng.reporters.JUnitReportReporter -->
<testsuite ignored="0" hostname="DESKTOP-LU2K2A6" failures="0" tests="1" name="org.testing.TestScripts.TC2_get" time="0.034" errors="0" timestamp="01 Mar 2025 13:24:19 GMT" skipped="0">
  <testcase classname="org.testing.TestScripts.TC2_get" name="get" time="0.034"/>
</testsuite> <!-- org.testing.TestScripts.TC2_get -->
