<?xml version="1.0" encoding="UTF-8"?>
<!-- Generated by org.testng.reporters.JUnitReportReporter -->
<testsuite hostname="DESKTOP-LU2K2A6" failures="0" tests="1" name="package1.Class1" time="0.017" errors="0" timestamp="2025-03-08T13:07:54 IST" skipped="0">
  <testcase classname="package1.Class1" name="test1" time="0.017"/>
</testsuite> <!-- package1.Class1 -->
